<?xml version="1.0" encoding="UTF-8"?>
<!-- Generated by org.testng.reporters.JUnitReportReporter -->
<testsuite hostname="MYTSLP00906" failures="0" tests="3" name="TestDemo" time="27.573" errors="0" timestamp="2021-03-30T14:10:30 IST" skipped="0">
  <testcase classname="TestDemo" name="first" time="9.295"/>
  <system-out/>
  <testcase classname="TestDemo" name="third" time="9.346"/>
  <system-out/>
  <testcase classname="TestDemo" name="second" time="8.932"/>
  <system-out/>
</testsuite> <!-- TestDemo -->
