<?xml version="1.0" encoding="UTF-8"?>
<!-- Generated by org.testng.reporters.JUnitReportReporter -->
<testsuite hostname="MYTSLP00906" failures="0" tests="1" name="Demo" time="17.284" errors="0" timestamp="2021-03-30T12:35:57 IST" skipped="0">
  <testcase classname="Demo" name="login" time="17.284"/>
  <system-out/>
</testsuite> <!-- Demo -->
