<?xml version="1.0" encoding="UTF-8"?>
<!-- Generated by org.testng.reporters.JUnitReportReporter -->
<testsuite hostname="MYTSLP00906" failures="0" tests="4" name="BeforeAfter" time="0.009" errors="0" timestamp="2021-03-30T16:12:26 IST" skipped="0">
  <testcase classname="BeforeAfter" name="b" time="0.001"/>
  <system-out/>
  <testcase classname="BeforeAfter" name="d" time="0.001"/>
  <system-out/>
  <testcase classname="BeforeAfter" name="a" time="0.006"/>
  <system-out/>
  <testcase classname="BeforeAfter" name="c" time="0.001"/>
  <system-out/>
</testsuite> <!-- BeforeAfter -->
