<?xml version="1.0" encoding="UTF-8"?>
<!-- Generated by org.testng.reporters.JUnitReportReporter -->
<testsuite hostname="MYTSLP00906" failures="0" tests="4" name="BeforeAfterClass" time="0.005" errors="0" timestamp="2021-03-30T16:27:08 IST" skipped="0">
  <testcase classname="BeforeAfterClass" name="c" time="0.001"/>
  <system-out/>
  <testcase classname="BeforeAfterClass" name="b" time="0.001"/>
  <system-out/>
  <testcase classname="BeforeAfterClass" name="a" time="0.003"/>
  <system-out/>
  <testcase classname="BeforeAfterClass" name="d" time="0.000"/>
  <system-out/>
</testsuite> <!-- BeforeAfterClass -->
